<?xml version="1.0" encoding="UTF-8"?>
<!-- Generated by org.testng.reporters.JUnitReportReporter -->
<testsuite hostname="Arjun" failures="0" tests="2" name="com.SauceDemo.AugSelFW.AnnotationsDemo3" time="0.004" errors="0" timestamp="2024-10-10T11:04:19 IST" skipped="0">
  <testcase classname="com.SauceDemo.AugSelFW.AnnotationsDemo3" name="testCase7" time="0.002"/>
  <system-out/>
  <testcase classname="com.SauceDemo.AugSelFW.AnnotationsDemo3" name="testCase9" time="0.002"/>
  <system-out/>
</testsuite> <!-- com.SauceDemo.AugSelFW.AnnotationsDemo3 -->
