<?xml version="1.0" encoding="UTF-8"?>
<!-- Generated by org.testng.reporters.JUnitReportReporter -->
<testsuite hostname="Arjun" failures="0" tests="3" name="TestCases.LoginTestCases" time="13.443" errors="0" timestamp="2024-10-17T11:22:45 IST" skipped="0">
  <testcase classname="TestCases.LoginTestCases" name="verifyInvalidCrentials" time="4.246"/>
  <system-out/>
  <testcase classname="TestCases.LoginTestCases" name="verifyInvalidCrentials" time="5.122"/>
  <system-out/>
  <testcase classname="TestCases.LoginTestCases" name="verifyInvalidCrentials" time="4.075"/>
  <system-out/>
</testsuite> <!-- TestCases.LoginTestCases -->
