<?xml version="1.0" encoding="UTF-8"?>
<!-- Generated by org.testng.reporters.JUnitReportReporter -->
<testsuite hostname="Arjun" failures="0" tests="1" name="TestNgDemo.AnnotationsDemo2" time="0.001" errors="0" timestamp="2024-10-10T11:04:19 IST" skipped="0">
  <testcase classname="TestNgDemo.AnnotationsDemo2" name="testCase4" time="0.001"/>
  <system-out/>
</testsuite> <!-- TestNgDemo.AnnotationsDemo2 -->
